<?xml version="1.0" encoding="UTF-8"?>
<!-- Generated by org.testng.reporters.JUnitReportReporter -->
<testsuite hostname="Dhruv" failures="0" tests="1" name="com.simplilearn.RestAssured.PostRequestWithJsonObject" time="3.459" errors="0" timestamp="08 Jul 2023 06:33:45 GMT" skipped="0">
  <testcase classname="com.simplilearn.RestAssured.PostRequestWithJsonObject" name="test1" time="3.459"/>
</testsuite> <!-- com.simplilearn.RestAssured.PostRequestWithJsonObject -->
