<?xml version="1.0" encoding="UTF-8"?>
<!-- Generated by org.testng.reporters.JUnitReportReporter -->
<testsuite hostname="Dhruv" failures="0" tests="3" name="restAPIBDD.GetRequestBDD" time="5.233" errors="0" timestamp="09 Jul 2023 04:56:45 GMT" skipped="0">
  <testcase classname="restAPIBDD.GetRequestBDD" name="test2" time="0.584"/>
  <testcase classname="restAPIBDD.GetRequestBDD" name="test3" time="0.590"/>
  <testcase classname="restAPIBDD.GetRequestBDD" name="test1" time="4.059"/>
</testsuite> <!-- restAPIBDD.GetRequestBDD -->
