<?xml version="1.0" encoding="UTF-8"?>
<!-- Generated by org.testng.reporters.JUnitReportReporter -->
<testsuite hostname="Dhruv" failures="0" tests="1" name="restAPIBDD.DeleteRequestBDD" time="2.944" errors="0" timestamp="09 Jul 2023 05:13:16 GMT" skipped="0">
  <testcase classname="restAPIBDD.DeleteRequestBDD" name="test" time="2.944"/>
</testsuite> <!-- restAPIBDD.DeleteRequestBDD -->
