<?xml version="1.0" encoding="UTF-8"?>
<!-- Generated by org.testng.reporters.JUnitReportReporter -->
<testsuite hostname="Dhruv" failures="0" tests="1" name="com.simplilearn.RestAssured.PutRequest" time="3.709" errors="0" timestamp="08 Jul 2023 05:53:52 GMT" skipped="0">
  <testcase classname="com.simplilearn.RestAssured.PutRequest" name="test" time="3.709"/>
</testsuite> <!-- com.simplilearn.RestAssured.PutRequest -->
