<?xml version="1.0" encoding="UTF-8"?>
<!-- Generated by org.testng.reporters.JUnitReportReporter -->
<testsuite hostname="Dhruv" failures="0" tests="1" name="restAPIBDD.PutRequestBDD" time="3.592" errors="0" timestamp="09 Jul 2023 05:23:14 GMT" skipped="0">
  <testcase classname="restAPIBDD.PutRequestBDD" name="Test1" time="3.592"/>
</testsuite> <!-- restAPIBDD.PutRequestBDD -->
