<?xml version="1.0" encoding="UTF-8"?>
<!-- Generated by org.testng.reporters.JUnitReportReporter -->
<testsuite hostname="Dhruv" failures="0" tests="1" name="com.simplilearn.RestAssured.GtRequestWithParameter" time="4.127" errors="0" timestamp="08 Jul 2023 04:25:14 GMT" skipped="0">
  <testcase classname="com.simplilearn.RestAssured.GtRequestWithParameter" name="test" time="4.127"/>
</testsuite> <!-- com.simplilearn.RestAssured.GtRequestWithParameter -->
