<?xml version="1.0" encoding="UTF-8"?>
<!-- Generated by org.testng.reporters.JUnitReportReporter -->
<testsuite hostname="Dhruv" failures="0" tests="1" name="SpringBootApplication.GetAllEmployee" time="4.246" errors="0" timestamp="08 Jul 2023 06:45:30 GMT" skipped="0">
  <testcase classname="SpringBootApplication.GetAllEmployee" name="test" time="4.246"/>
</testsuite> <!-- SpringBootApplication.GetAllEmployee -->
