<?xml version="1.0" encoding="UTF-8"?>
<!-- Generated by org.testng.reporters.JUnitReportReporter -->
<testsuite hostname="Dhruv" failures="0" tests="1" name="com.simplilearn.RestAssured.DeleteRquest" time="4.298" errors="0" timestamp="08 Jul 2023 06:05:08 GMT" skipped="0">
  <testcase classname="com.simplilearn.RestAssured.DeleteRquest" name="test" time="4.298"/>
</testsuite> <!-- com.simplilearn.RestAssured.DeleteRquest -->
