<?xml version="1.0" encoding="UTF-8"?>
<!-- Generated by org.testng.reporters.JUnitReportReporter -->
<testsuite hostname="Dhruv" failures="0" tests="1" name="com.simplilearn.RestAssured.GetRequest" time="3.128" errors="0" timestamp="02 Jul 2023 06:53:12 GMT" skipped="0">
  <testcase classname="com.simplilearn.RestAssured.GetRequest" name="test" time="3.128"/>
</testsuite> <!-- com.simplilearn.RestAssured.GetRequest -->
