<?xml version="1.0" encoding="UTF-8"?>
<!-- Generated by org.testng.reporters.JUnitReportReporter -->
<testsuite hostname="Dhruv" failures="0" tests="1" name="restAPIBDD.postRequestBDD" time="3.774" errors="0" timestamp="09 Jul 2023 04:45:26 GMT" skipped="0">
  <testcase classname="restAPIBDD.postRequestBDD" name="Test1" time="3.774"/>
</testsuite> <!-- restAPIBDD.postRequestBDD -->
