<?xml version="1.0" encoding="UTF-8"?>
<!-- Generated by org.testng.reporters.JUnitReportReporter -->
<testsuite hostname="Dhruv" failures="0" tests="1" name="SpringBootApplication.PostNewmployee" time="2.697" errors="0" timestamp="08 Jul 2023 06:48:48 GMT" skipped="0">
  <testcase classname="SpringBootApplication.PostNewmployee" name="test" time="2.697"/>
</testsuite> <!-- SpringBootApplication.PostNewmployee -->
