<?xml version="1.0" encoding="UTF-8"?>
<!-- Generated by org.testng.reporters.JUnitReportReporter -->
<testsuite hostname="Dhruv" failures="0" tests="1" name="com.simplilearn.RestAssured.PostRequestWIthMap" time="4.925" errors="0" timestamp="08 Jul 2023 04:59:12 GMT" skipped="0">
  <testcase classname="com.simplilearn.RestAssured.PostRequestWIthMap" name="test" time="4.925"/>
</testsuite> <!-- com.simplilearn.RestAssured.PostRequestWIthMap -->
