<?xml version="1.0" encoding="UTF-8"?>
<!-- Generated by org.testng.reporters.JUnitReportReporter -->
<testsuite hostname="Dhruv" failures="0" tests="1" name="com.simplilearn.RestAssured.PostRequest" time="2.881" errors="0" timestamp="08 Jul 2023 04:36:03 GMT" skipped="0">
  <testcase classname="com.simplilearn.RestAssured.PostRequest" name="test" time="2.881"/>
</testsuite> <!-- com.simplilearn.RestAssured.PostRequest -->
