<?xml version="1.0" encoding="UTF-8"?>
<!-- Generated by org.testng.reporters.JUnitReportReporter -->
<testsuite hostname="Dhruv" failures="0" tests="2" name="restAPIXMI.XMLTest" time="5.163" errors="0" timestamp="09 Jul 2023 06:05:18 GMT" skipped="0">
  <testcase classname="restAPIXMI.XMLTest" name="test2" time="1.806"/>
  <testcase classname="restAPIXMI.XMLTest" name="Test1" time="3.357"/>
</testsuite> <!-- restAPIXMI.XMLTest -->
