<?xml version="1.0" encoding="UTF-8"?>
<!-- Generated by org.testng.reporters.JUnitReportReporter -->
<testsuite hostname="Dhruv" failures="0" tests="1" name="SpringBootApplication.PostRequestWithJsonObject" time="2.411" errors="0" timestamp="08 Jul 2023 06:39:47 GMT" skipped="0">
  <testcase classname="SpringBootApplication.PostRequestWithJsonObject" name="test1" time="2.411"/>
</testsuite> <!-- SpringBootApplication.PostRequestWithJsonObject -->
