<?xml version="1.0" encoding="UTF-8"?>
<!-- Generated by org.testng.reporters.JUnitReportReporter -->
<testsuite hostname="Dhruv" failures="0" tests="1" name="com.simplilearn.RestAssured.PostRequestWithFIle" time="3.226" errors="0" timestamp="08 Jul 2023 05:19:13 GMT" skipped="0">
  <testcase classname="com.simplilearn.RestAssured.PostRequestWithFIle" name="test" time="3.226"/>
</testsuite> <!-- com.simplilearn.RestAssured.PostRequestWithFIle -->
